<?xml version="1.0" encoding="UTF-8"?>
<testng-results ignored="0" total="1" passed="1" failed="0" skipped="0">
  <reporter-output>
  </reporter-output>
  <suite started-at="2022-07-31T18:49:06 IST" name="Default suite" finished-at="2022-07-31T18:49:20 IST" duration-ms="13488">
    <groups>
    </groups>
    <test started-at="2022-07-31T18:49:06 IST" name="Default test" finished-at="2022-07-31T18:49:20 IST" duration-ms="13488">
      <class name="pageObjectsWithoutFindBy.LoginTestcaseUsingPageFactoryWithoutFindBy">
        <test-method signature="LogintoApplication()[pri:0, instance:pageObjectsWithoutFindBy.LoginTestcaseUsingPageFactoryWithoutFindBy@4facf68f]" started-at="2022-07-31T18:49:06 IST" name="LogintoApplication" finished-at="2022-07-31T18:49:20 IST" duration-ms="13422" status="PASS">
          <reporter-output>
          </reporter-output>
        </test-method> <!-- LogintoApplication -->
      </class> <!-- pageObjectsWithoutFindBy.LoginTestcaseUsingPageFactoryWithoutFindBy -->
    </test> <!-- Default test -->
  </suite> <!-- Default suite -->
</testng-results>
